<?xml version="1.0" encoding="utf-8"?><testsuites name="pytest tests"><testsuite name="pytest" errors="0" failures="0" skipped="0" tests="75" time="23.232" timestamp="2026-08-19T08:40:53.558291+00:00" hostname="agent-env-f0ba4af0-353d-488f-b2ba-7d5971c34946"><testcase classname="tests.backend_test.TestReports" name="test_report_data[daily-attendance]" time="0.771" /><testcase classname="tests.backend_test.TestReports" name="test_report_data[weekly-attendance]" time="0.148" /><testcase classname="tests.test_new_features.TestDrilldown" name="test_drilldown_block_matches_overview" time="1.049" /><testcase classname="tests.backend_test.TestReports" name="test_report_data[monthly-attendance]" time="0.146" /><testcase classname="tests.test_new_features.TestDrilldown" name="test_drilldown_class_matches_overview" time="0.177" /><testcase classname="tests.backend_test.TestReports" name="test_report_data[quarterly-attendance]" time="0.183" /><testcase classname="tests.test_new_features.TestDrilldown" name="test_drilldown_school_matches_overview" time="0.144" /><testcase classname="tests.backend_test.TestReports" name="test_report_data[yearly-attendance]" time="0.148" /><testcase classname="tests.test_new_features.TestDrilldown" name="test_drilldown_gender_female" time="0.165" /><testcase classname="tests.backend_test.TestReports" name="test_report_data[school-wise]" time="0.138" /><testcase classname="tests.test_new_features.TestDrilldown" name="test_drilldown_present_vs_absent" time="0.203" /><testcase classname="tests.backend_test.TestReports" name="test_report_data[block-wise]" time="0.157" /><testcase classname="tests.backend_test.TestReports" name="test_report_data[class-wise]" time="0.161" /><testcase classname="tests.test_new_features.TestDrilldown" name="test_drilldown_course_completion_completed" time="0.234" /><testcase classname="tests.backend_test.TestReports" name="test_report_data[student-attendance-history]" time="0.159" /><testcase classname="tests.test_new_features.TestDrilldown" name="test_drilldown_respects_block_filter" time="0.230" /><testcase classname="tests.backend_test.TestReports" name="test_report_data[low-attendance]" time="0.132" /><testcase classname="tests.backend_test.TestReports" name="test_report_data[course-progress]" time="0.158" /><testcase classname="tests.test_new_features.TestDrilldown" name="test_drilldown_year_isolation" time="0.448" /><testcase classname="tests.backend_test.TestReports" name="test_report_data[low-progress]" time="0.168" /><testcase classname="tests.backend_test.TestReports" name="test_report_data[course-completion]" time="0.133" /><testcase classname="tests.backend_test.TestReports" name="test_report_data[academic-year]" time="0.146" /><testcase classname="tests.backend_test.TestReports" name="test_report_data[bulk-upload]" time="0.133" /><testcase classname="tests.backend_test.TestReports" name="test_report_data[students]" time="0.157" /><testcase classname="tests.test_new_features.TestLessonPermissions" name="test_teacher_can_toggle" time="1.432" /><testcase classname="tests.backend_test.TestReports" name="test_excel_export" time="0.758" /><testcase classname="tests.backend_test.TestReports" name="test_pdf_export" time="0.156" /><testcase classname="tests.test_new_features.TestLessonPermissions" name="test_coordinator_can_toggle" time="0.902" /><testcase classname="tests.test_new_features.TestLessonPermissions" name="test_management_cannot_toggle" time="1.032" /><testcase classname="tests.test_offline_attendance.TestSyncEndpoint" name="test_sync_accepts_batch_and_returns_shape" time="1.773" /><testcase classname="tests.test_offline_attendance.TestSyncEndpoint" name="test_sync_idempotent" time="0.662" /><testcase classname="tests.test_new_features.TestLessonPermissions" name="test_student_cannot_toggle_own" time="1.004" /><testcase classname="tests.test_offline_attendance.TestSyncEndpoint" name="test_sync_multi_batch" time="0.345" /><testcase classname="tests.test_offline_attendance.TestSyncEndpoint" name="test_sync_year_isolation" time="0.242" /><testcase classname="tests.test_offline_attendance.TestSyncEndpoint" name="test_sync_audit_log" time="0.666" /><testcase classname="tests.test_new_features.TestLessonPermissions" name="test_student_can_get_own_lessons" time="0.618" /><testcase classname="tests.test_new_features.TestLessonPermissions" name="test_student_cannot_get_other_lessons" time="0.598" /><testcase classname="tests.test_offline_attendance.TestSyncRBAC" name="test_admin_can_sync" time="0.949" /><testcase classname="tests.backend_test.TestAuth" name="test_all_roles_login" time="2.120" /><testcase classname="tests.test_offline_attendance.TestSyncRBAC" name="test_coordinator_can_sync" time="0.609" /><testcase classname="tests.test_offline_attendance.TestSyncRBAC" name="test_teacher_can_sync" time="0.829" /><testcase classname="tests.test_offline_attendance.TestSyncRBAC" name="test_management_cannot_sync" time="0.840" /><testcase classname="tests.backend_test.TestAuth" name="test_login_invalid" time="0.510" /><testcase classname="tests.backend_test.TestAuth" name="test_me_requires_auth" time="0.366" /><testcase classname="tests.test_offline_attendance.TestSyncRBAC" name="test_student_cannot_sync" time="0.495" /><testcase classname="tests.backend_test.TestAuth" name="test_me" time="0.685" /><testcase classname="tests.backend_test.TestRBAC" name="test_management_cannot_create_student" time="1.010" /><testcase classname="tests.backend_test.TestRBAC" name="test_teacher_cannot_create_course" time="0.505" /><testcase classname="tests.test_new_features.TestLessonTracking" name="test_get_lessons_shape" time="1.042" /><testcase classname="tests.test_new_features.TestLessonTracking" name="test_toggle_lesson_flow" time="0.687" /><testcase classname="tests.backend_test.TestRBAC" name="test_student_cannot_list_users" time="0.478" /><testcase classname="tests.backend_test.TestRBAC" name="test_student_can_only_see_own" time="0.107" /><testcase classname="tests.backend_test.TestStudents" name="test_list_and_filter" time="0.294" /><testcase classname="tests.test_new_features.TestLessonTracking" name="test_tick_all_marks_completed" time="3.980" /><testcase classname="tests.backend_test.TestStudents" name="test_create_and_get" time="0.366" /><testcase classname="tests.backend_test.TestStudents" name="test_student_detail_dashboard" time="0.118" /><testcase classname="tests.test_new_features.TestCurriculum" name="test_curriculum_auto_generates_lazily" time="0.825" /><testcase classname="tests.test_new_features.TestCurriculum" name="test_curriculum_idempotent" time="0.241" /><testcase classname="tests.test_new_features.TestCurriculum" name="test_curriculum_404" time="0.121" /><testcase classname="tests.backend_test.TestYearSeparation" name="test_dashboard_differs_between_years" time="0.302" /><testcase classname="tests.backend_test.TestYearSeparation" name="test_attendance_year_isolation" time="1.073" /><testcase classname="tests.backend_test.TestAttendance" name="test_sheet_and_save" time="0.601" /><testcase classname="tests.backend_test.TestAttendance" name="test_low_attendance" time="0.129" /><testcase classname="tests.backend_test.TestMasters" name="test_masters_lists" time="0.611" /><testcase classname="tests.test_new_features.TestLessonTracking" name="test_lesson_toggle_audit" time="1.217" /><testcase classname="tests.backend_test.TestMasters" name="test_block_crud" time="0.334" /><testcase classname="tests.backend_test.TestUsers" name="test_create_user_and_login" time="0.666" /><testcase classname="tests.backend_test.TestBulkUpload" name="test_template_download" time="0.322" /><testcase classname="tests.backend_test.TestUsers" name="test_audit_logs" time="0.111" /><testcase classname="tests.backend_test.TestCourses" name="test_create_assign_progress" time="0.703" /><testcase classname="tests.backend_test.TestBulkUpload" name="test_validate_and_import" time="1.100" /><testcase classname="tests.backend_test.TestPromotion" name="test_promote" time="0.722" /><testcase classname="tests.backend_test.TestBulkUpload" name="test_bulk_export_for_update" time="0.163" /><testcase classname="tests.backend_test.TestYearComparison" name="test_comparison" time="0.299" /><testcase classname="tests.test_offline_attendance.TestSyncEditAlreadyMarked" name="test_sync_updates_existing" time="1.507" /></testsuite></testsuites>