<?xml version="1.0" encoding="utf-8"?><testsuites name="pytest tests"><testsuite name="pytest" errors="0" failures="0" skipped="0" tests="11" time="4.799" timestamp="2026-08-19T08:40:44.670438+00:00" hostname="agent-env-f0ba4af0-353d-488f-b2ba-7d5971c34946"><testcase classname="tests.test_offline_attendance.TestSyncEndpoint" name="test_sync_accepts_batch_and_returns_shape" time="1.636" /><testcase classname="tests.test_offline_attendance.TestSyncEndpoint" name="test_sync_idempotent" time="0.878" /><testcase classname="tests.test_offline_attendance.TestSyncRBAC" name="test_admin_can_sync" time="2.169" /><testcase classname="tests.test_offline_attendance.TestSyncRBAC" name="test_coordinator_can_sync" time="0.543" /><testcase classname="tests.test_offline_attendance.TestSyncEndpoint" name="test_sync_multi_batch" time="0.122" /><testcase classname="tests.test_offline_attendance.TestSyncEndpoint" name="test_sync_year_isolation" time="0.423" /><testcase classname="tests.test_offline_attendance.TestSyncRBAC" name="test_teacher_can_sync" time="0.454" /><testcase classname="tests.test_offline_attendance.TestSyncEndpoint" name="test_sync_audit_log" time="0.652" /><testcase classname="tests.test_offline_attendance.TestSyncRBAC" name="test_management_cannot_sync" time="0.454" /><testcase classname="tests.test_offline_attendance.TestSyncRBAC" name="test_student_cannot_sync" time="0.450" /><testcase classname="tests.test_offline_attendance.TestSyncEditAlreadyMarked" name="test_sync_updates_existing" time="0.543" /></testsuite></testsuites>