<?xml version="1.0" encoding="utf-8"?><testsuites name="pytest tests"><testsuite name="pytest" errors="0" failures="0" skipped="0" tests="43" time="80.399" timestamp="2026-08-19T08:18:52.694928+00:00" hostname="agent-env-f0ba4af0-353d-488f-b2ba-7d5971c34946"><testcase classname="tests.backend_test.TestAuth" name="test_all_roles_login" time="2.018" /><testcase classname="tests.backend_test.TestReports" name="test_report_data[daily-attendance]" time="0.977" /><testcase classname="tests.backend_test.TestReports" name="test_report_data[weekly-attendance]" time="0.367" /><testcase classname="tests.backend_test.TestReports" name="test_report_data[monthly-attendance]" time="0.361" /><testcase classname="tests.backend_test.TestReports" name="test_report_data[quarterly-attendance]" time="0.341" /><testcase classname="tests.backend_test.TestAuth" name="test_login_invalid" time="0.355" /><testcase classname="tests.backend_test.TestReports" name="test_report_data[yearly-attendance]" time="0.350" /><testcase classname="tests.backend_test.TestAuth" name="test_me_requires_auth" time="0.113" /><testcase classname="tests.backend_test.TestReports" name="test_report_data[school-wise]" time="0.136" /><testcase classname="tests.backend_test.TestReports" name="test_report_data[block-wise]" time="0.319" /><testcase classname="tests.backend_test.TestAuth" name="test_me" time="0.458" /><testcase classname="tests.backend_test.TestReports" name="test_report_data[class-wise]" time="0.181" /><testcase classname="tests.backend_test.TestReports" name="test_report_data[student-attendance-history]" time="0.315" /><testcase classname="tests.backend_test.TestReports" name="test_report_data[low-attendance]" time="0.155" /><testcase classname="tests.backend_test.TestRBAC" name="test_management_cannot_create_student" time="0.703" /><testcase classname="tests.backend_test.TestReports" name="test_report_data[course-progress]" time="0.170" /><testcase classname="tests.backend_test.TestReports" name="test_report_data[low-progress]" time="0.345" /><testcase classname="tests.backend_test.TestRBAC" name="test_teacher_cannot_create_course" time="0.458" /><testcase classname="tests.backend_test.TestReports" name="test_report_data[course-completion]" time="0.189" /><testcase classname="tests.backend_test.TestReports" name="test_report_data[academic-year]" time="0.307" /><testcase classname="tests.backend_test.TestRBAC" name="test_student_cannot_list_users" time="68.527" /><testcase classname="tests.backend_test.TestReports" name="test_report_data[bulk-upload]" time="35.869" /><testcase classname="tests.backend_test.TestReports" name="test_report_data[students]" time="0.280" /><testcase classname="tests.backend_test.TestReports" name="test_excel_export" time="0.632" /><testcase classname="tests.backend_test.TestReports" name="test_pdf_export" time="0.147" /><testcase classname="tests.backend_test.TestBulkUpload" name="test_template_download" time="35.981" /><testcase classname="tests.backend_test.TestRBAC" name="test_student_can_only_see_own" time="0.176" /><testcase classname="tests.backend_test.TestStudents" name="test_list_and_filter" time="0.292" /><testcase classname="tests.backend_test.TestStudents" name="test_create_and_get" time="0.357" /><testcase classname="tests.backend_test.TestStudents" name="test_student_detail_dashboard" time="0.121" /><testcase classname="tests.backend_test.TestYearSeparation" name="test_dashboard_differs_between_years" time="0.335" /><testcase classname="tests.backend_test.TestYearSeparation" name="test_attendance_year_isolation" time="1.001" /><testcase classname="tests.backend_test.TestAttendance" name="test_sheet_and_save" time="0.690" /><testcase classname="tests.backend_test.TestAttendance" name="test_low_attendance" time="0.142" /><testcase classname="tests.backend_test.TestMasters" name="test_masters_lists" time="0.581" /><testcase classname="tests.backend_test.TestMasters" name="test_block_crud" time="0.357" /><testcase classname="tests.backend_test.TestUsers" name="test_create_user_and_login" time="0.772" /><testcase classname="tests.backend_test.TestBulkUpload" name="test_validate_and_import" time="1.007" /><testcase classname="tests.backend_test.TestUsers" name="test_audit_logs" time="0.123" /><testcase classname="tests.backend_test.TestCourses" name="test_create_assign_progress" time="0.748" /><testcase classname="tests.backend_test.TestYearComparison" name="test_comparison" time="0.241" /><testcase classname="tests.backend_test.TestBulkUpload" name="test_bulk_export_for_update" time="0.165" /><testcase classname="tests.backend_test.TestPromotion" name="test_promote" time="0.655" /></testsuite></testsuites>