<?xml version="1.0" encoding="utf-8"?><testsuites name="pytest tests"><testsuite name="pytest" errors="0" failures="0" skipped="0" tests="21" time="10.755" timestamp="2026-08-19T08:18:37.310192+00:00" hostname="agent-env-f0ba4af0-353d-488f-b2ba-7d5971c34946"><testcase classname="tests.test_new_features.TestDrilldown" name="test_drilldown_block_matches_overview" time="1.200" /><testcase classname="tests.test_new_features.TestLessonPermissions" name="test_teacher_can_toggle" time="2.006" /><testcase classname="tests.test_new_features.TestDrilldown" name="test_drilldown_class_matches_overview" time="0.321" /><testcase classname="tests.test_new_features.TestDrilldown" name="test_drilldown_school_matches_overview" time="0.160" /><testcase classname="tests.test_new_features.TestDrilldown" name="test_drilldown_gender_female" time="0.149" /><testcase classname="tests.test_new_features.TestDrilldown" name="test_drilldown_present_vs_absent" time="0.301" /><testcase classname="tests.test_new_features.TestLessonPermissions" name="test_coordinator_can_toggle" time="0.748" /><testcase classname="tests.test_new_features.TestDrilldown" name="test_drilldown_course_completion_completed" time="0.306" /><testcase classname="tests.test_new_features.TestDrilldown" name="test_drilldown_respects_block_filter" time="0.263" /><testcase classname="tests.test_new_features.TestDrilldown" name="test_drilldown_year_isolation" time="0.588" /><testcase classname="tests.test_new_features.TestLessonPermissions" name="test_management_cannot_toggle" time="1.136" /><testcase classname="tests.test_new_features.TestLessonTracking" name="test_get_lessons_shape" time="0.542" /><testcase classname="tests.test_new_features.TestLessonTracking" name="test_toggle_lesson_flow" time="0.879" /><testcase classname="tests.test_new_features.TestLessonPermissions" name="test_student_cannot_toggle_own" time="0.937" /><testcase classname="tests.test_new_features.TestLessonTracking" name="test_tick_all_marks_completed" time="3.948" /><testcase classname="tests.test_new_features.TestLessonPermissions" name="test_student_can_get_own_lessons" time="0.691" /><testcase classname="tests.test_new_features.TestLessonPermissions" name="test_student_cannot_get_other_lessons" time="0.500" /><testcase classname="tests.test_new_features.TestLessonTracking" name="test_lesson_toggle_audit" time="0.977" /><testcase classname="tests.test_new_features.TestCurriculum" name="test_curriculum_auto_generates_lazily" time="0.142" /><testcase classname="tests.test_new_features.TestCurriculum" name="test_curriculum_idempotent" time="0.231" /><testcase classname="tests.test_new_features.TestCurriculum" name="test_curriculum_404" time="0.140" /></testsuite></testsuites>