<?xml version="1.0" encoding="utf-8"?><testsuites name="pytest tests"><testsuite name="pytest" errors="0" failures="0" skipped="0" tests="43" time="30.065" timestamp="2026-08-19T08:07:42.084241+00:00" hostname="agent-env-f0ba4af0-353d-488f-b2ba-7d5971c34946"><testcase classname="tests.backend_test.TestAuth" name="test_all_roles_login" time="7.013" /><testcase classname="tests.backend_test.TestReports" name="test_report_data[daily-attendance]" time="1.300" /><testcase classname="tests.backend_test.TestReports" name="test_report_data[weekly-attendance]" time="1.158" /><testcase classname="tests.backend_test.TestReports" name="test_report_data[monthly-attendance]" time="0.171" /><testcase classname="tests.backend_test.TestReports" name="test_report_data[quarterly-attendance]" time="0.157" /><testcase classname="tests.backend_test.TestReports" name="test_report_data[yearly-attendance]" time="3.293" /><testcase classname="tests.backend_test.TestReports" name="test_report_data[school-wise]" time="0.224" /><testcase classname="tests.backend_test.TestReports" name="test_report_data[block-wise]" time="19.633" /><testcase classname="tests.backend_test.TestAuth" name="test_login_invalid" time="0.333" /><testcase classname="tests.backend_test.TestAuth" name="test_me_requires_auth" time="0.118" /><testcase classname="tests.backend_test.TestAuth" name="test_me" time="12.697" /><testcase classname="tests.backend_test.TestRBAC" name="test_management_cannot_create_student" time="0.916" /><testcase classname="tests.backend_test.TestRBAC" name="test_teacher_cannot_create_course" time="0.455" /><testcase classname="tests.backend_test.TestRBAC" name="test_student_cannot_list_users" time="0.482" /><testcase classname="tests.backend_test.TestRBAC" name="test_student_can_only_see_own" time="0.120" /><testcase classname="tests.backend_test.TestStudents" name="test_list_and_filter" time="0.375" /><testcase classname="tests.backend_test.TestStudents" name="test_create_and_get" time="0.362" /><testcase classname="tests.backend_test.TestStudents" name="test_student_detail_dashboard" time="0.120" /><testcase classname="tests.backend_test.TestBulkUpload" name="test_template_download" time="0.164" /><testcase classname="tests.backend_test.TestBulkUpload" name="test_validate_and_import" time="0.909" /><testcase classname="tests.backend_test.TestBulkUpload" name="test_bulk_export_for_update" time="0.183" /><testcase classname="tests.backend_test.TestYearSeparation" name="test_dashboard_differs_between_years" time="0.317" /><testcase classname="tests.backend_test.TestYearSeparation" name="test_attendance_year_isolation" time="0.885" /><testcase classname="tests.backend_test.TestAttendance" name="test_sheet_and_save" time="0.632" /><testcase classname="tests.backend_test.TestReports" name="test_report_data[class-wise]" time="0.167" /><testcase classname="tests.backend_test.TestAttendance" name="test_low_attendance" time="0.152" /><testcase classname="tests.backend_test.TestReports" name="test_report_data[student-attendance-history]" time="0.167" /><testcase classname="tests.backend_test.TestMasters" name="test_masters_lists" time="0.573" /><testcase classname="tests.backend_test.TestReports" name="test_report_data[low-attendance]" time="0.144" /><testcase classname="tests.backend_test.TestReports" name="test_report_data[course-progress]" time="0.276" /><testcase classname="tests.backend_test.TestReports" name="test_report_data[low-progress]" time="0.155" /><testcase classname="tests.backend_test.TestMasters" name="test_block_crud" time="0.371" /><testcase classname="tests.backend_test.TestReports" name="test_report_data[course-completion]" time="0.136" /><testcase classname="tests.backend_test.TestReports" name="test_report_data[academic-year]" time="0.139" /><testcase classname="tests.backend_test.TestReports" name="test_report_data[bulk-upload]" time="0.162" /><testcase classname="tests.backend_test.TestUsers" name="test_create_user_and_login" time="0.690" /><testcase classname="tests.backend_test.TestReports" name="test_report_data[students]" time="0.320" /><testcase classname="tests.backend_test.TestReports" name="test_excel_export" time="0.344" /><testcase classname="tests.backend_test.TestUsers" name="test_audit_logs" time="0.132" /><testcase classname="tests.backend_test.TestReports" name="test_pdf_export" time="0.190" /><testcase classname="tests.backend_test.TestCourses" name="test_create_assign_progress" time="0.713" /><testcase classname="tests.backend_test.TestPromotion" name="test_promote" time="0.721" /><testcase classname="tests.backend_test.TestYearComparison" name="test_comparison" time="0.208" /></testsuite></testsuites>